[0.039s] Invoking command in '/userdata/SelfFollowingROS2/depend/build/dlrobot_robot_msg': CMAKE_PREFIX_PATH=/opt/ros/humble /usr/bin/cmake /userdata/SelfFollowingROS2/depend/src/dlrobot_robot_msg -DCMAKE_INSTALL_PREFIX=/userdata/SelfFollowingROS2/depend/install/dlrobot_robot_msg
[0.286s] -- The C compiler identification is GNU 11.4.0
[0.481s] -- The CXX compiler identification is GNU 11.4.0
[0.528s] -- Detecting C compiler ABI info
[0.737s] -- Detecting C compiler ABI info - done
[0.766s] -- Check for working C compiler: /usr/bin/cc - skipped
[0.766s] -- Detecting C compile features
[0.767s] -- Detecting C compile features - done
[0.773s] -- Detecting CXX compiler ABI info
[0.964s] -- Detecting CXX compiler ABI info - done
[0.984s] -- Check for working CXX compiler: /usr/bin/c++ - skipped
[0.985s] -- Detecting CXX compile features
[0.986s] -- Detecting CXX compile features - done
[0.992s] -- Found ament_cmake: 1.3.11 (/opt/ros/humble/share/ament_cmake/cmake)
[1.507s] -- Found Python3: /usr/bin/python3 (found version "3.10.12") found components: Interpreter 
[1.723s] -- Found rosidl_default_generators: 1.2.0 (/opt/ros/humble/share/rosidl_default_generators/cmake)
[1.727s] -- Using all available rosidl_typesupport_c: rosidl_typesupport_fastrtps_c;rosidl_typesupport_introspection_c
[1.735s] -- Found rosidl_adapter: 3.1.6 (/opt/ros/humble/share/rosidl_adapter/cmake)
[1.805s] -- Using all available rosidl_typesupport_cpp: rosidl_typesupport_fastrtps_cpp;rosidl_typesupport_introspection_cpp
[1.863s] -- Found std_msgs: 4.8.0 (/opt/ros/humble/share/std_msgs/cmake)
[2.480s] -- Found ament_cmake_cppcheck: 0.12.12 (/opt/ros/humble/share/ament_cmake_cppcheck/cmake)
[2.491s] -- Found ament_cmake_cpplint: 0.12.12 (/opt/ros/humble/share/ament_cmake_cpplint/cmake)
[2.501s] -- Found ament_cmake_uncrustify: 0.12.12 (/opt/ros/humble/share/ament_cmake_uncrustify/cmake)
[2.511s] -- Found ament_cmake_ros: 0.10.0 (/opt/ros/humble/share/ament_cmake_ros/cmake)
[3.111s] -- Using all available rosidl_typesupport_c: rosidl_typesupport_fastrtps_c;rosidl_typesupport_introspection_c
[3.843s] -- Using all available rosidl_typesupport_cpp: rosidl_typesupport_fastrtps_cpp;rosidl_typesupport_introspection_cpp
[3.939s] -- Found PythonInterp: /usr/bin/python3 (found suitable version "3.10.12", minimum required is "3.6") 
[3.948s] -- Found python_cmake_module: 0.10.0 (/opt/ros/humble/share/python_cmake_module/cmake)
[4.061s] -- Found PythonLibs: /usr/lib/aarch64-linux-gnu/libpython3.10.so (found suitable version "3.10.12", minimum required is "3.5") 
[4.062s] -- Using PYTHON_EXECUTABLE: /usr/bin/python3
[4.062s] -- Using PYTHON_INCLUDE_DIRS: /usr/include/python3.10
[4.062s] -- Using PYTHON_LIBRARIES: /usr/lib/aarch64-linux-gnu/libpython3.10.so
[4.100s] -- Found PythonExtra: .so  
[4.237s] -- Found ament_cmake_flake8: 0.12.12 (/opt/ros/humble/share/ament_cmake_flake8/cmake)
[4.240s] -- Found ament_cmake_pep257: 0.12.12 (/opt/ros/humble/share/ament_cmake_pep257/cmake)
[4.253s] -- Configuring done
[4.312s] -- Generating done
[4.343s] -- Build files have been written to: /userdata/SelfFollowingROS2/depend/build/dlrobot_robot_msg
[4.343s] Invoked command in '/userdata/SelfFollowingROS2/depend/build/dlrobot_robot_msg' returned '0': CMAKE_PREFIX_PATH=/opt/ros/humble /usr/bin/cmake /userdata/SelfFollowingROS2/depend/src/dlrobot_robot_msg -DCMAKE_INSTALL_PREFIX=/userdata/SelfFollowingROS2/depend/install/dlrobot_robot_msg
[4.344s] Invoking command in '/userdata/SelfFollowingROS2/depend/build/dlrobot_robot_msg': CMAKE_PREFIX_PATH=/opt/ros/humble /usr/bin/cmake --build /userdata/SelfFollowingROS2/depend/build/dlrobot_robot_msg -- -j8 -l8
[4.424s] [  3%] [34m[1mGenerating C code for ROS interfaces[0m
[4.490s] [  6%] [34m[1mGenerating C++ code for ROS interfaces[0m
[4.497s] [  6%] Built target ament_cmake_python_copy_dlrobot_robot_msg
[4.993s] running egg_info
[4.995s] creating dlrobot_robot_msg.egg-info
[4.996s] writing dlrobot_robot_msg.egg-info/PKG-INFO
[4.996s] writing dependency_links to dlrobot_robot_msg.egg-info/dependency_links.txt
[4.997s] writing top-level names to dlrobot_robot_msg.egg-info/top_level.txt
[4.998s] writing manifest file 'dlrobot_robot_msg.egg-info/SOURCES.txt'
[5.004s] reading manifest file 'dlrobot_robot_msg.egg-info/SOURCES.txt'
[5.005s] writing manifest file 'dlrobot_robot_msg.egg-info/SOURCES.txt'
[5.010s] [  9%] [32mBuilding C object CMakeFiles/dlrobot_robot_msg__rosidl_generator_c.dir/rosidl_generator_c/dlrobot_robot_msg/msg/detail/data__functions.c.o[0m
[5.127s] [  9%] Built target ament_cmake_python_build_dlrobot_robot_msg_egg
[5.237s] [  9%] Built target dlrobot_robot_msg__cpp
[5.282s] [ 12%] [34m[1mGenerating C++ type support for eProsima Fast-RTPS[0m
[5.296s] [ 16%] [32m[1mLinking C shared library libdlrobot_robot_msg__rosidl_generator_c.so[0m
[5.318s] [ 19%] [34m[1mGenerating C++ type support dispatch for ROS interfaces[0m
[5.335s] [ 22%] [34m[1mGenerating C++ introspection for ROS interfaces[0m
[5.470s] [ 22%] Built target dlrobot_robot_msg__rosidl_generator_c
[5.492s] [ 25%] [34m[1mGenerating C type support dispatch for ROS interfaces[0m
[5.507s] [ 29%] [34m[1mGenerating C introspection for ROS interfaces[0m
[5.526s] [ 32%] [34m[1mGenerating C type support for eProsima Fast-RTPS[0m
[5.954s] [ 35%] [32mBuilding CXX object CMakeFiles/dlrobot_robot_msg__rosidl_typesupport_fastrtps_cpp.dir/rosidl_typesupport_fastrtps_cpp/dlrobot_robot_msg/msg/detail/dds_fastrtps/data__type_support.cpp.o[0m
[6.199s] [ 38%] [32mBuilding CXX object CMakeFiles/dlrobot_robot_msg__rosidl_typesupport_fastrtps_c.dir/rosidl_typesupport_fastrtps_c/dlrobot_robot_msg/msg/detail/data__type_support_c.cpp.o[0m
[6.245s] [ 41%] [32mBuilding CXX object CMakeFiles/dlrobot_robot_msg__rosidl_typesupport_introspection_cpp.dir/rosidl_typesupport_introspection_cpp/dlrobot_robot_msg/msg/detail/data__type_support.cpp.o[0m
[6.747s] [ 45%] [32mBuilding CXX object CMakeFiles/dlrobot_robot_msg__rosidl_typesupport_cpp.dir/rosidl_typesupport_cpp/dlrobot_robot_msg/msg/data__type_support.cpp.o[0m
[7.006s] [ 48%] [32mBuilding CXX object CMakeFiles/dlrobot_robot_msg__rosidl_typesupport_c.dir/rosidl_typesupport_c/dlrobot_robot_msg/msg/data__type_support.cpp.o[0m
[7.234s] [ 51%] [32m[1mLinking CXX shared library libdlrobot_robot_msg__rosidl_typesupport_c.so[0m
[7.272s] [ 54%] [32mBuilding C object CMakeFiles/dlrobot_robot_msg__rosidl_typesupport_introspection_c.dir/rosidl_typesupport_introspection_c/dlrobot_robot_msg/msg/detail/data__type_support.c.o[0m
[7.325s] [ 58%] [32m[1mLinking CXX shared library libdlrobot_robot_msg__rosidl_typesupport_fastrtps_cpp.so[0m
[7.439s] [ 61%] [32m[1mLinking C shared library libdlrobot_robot_msg__rosidl_typesupport_introspection_c.so[0m
[7.562s] [ 61%] Built target dlrobot_robot_msg__rosidl_typesupport_c
[7.645s] [ 61%] Built target dlrobot_robot_msg__rosidl_typesupport_introspection_c
[7.795s] [ 64%] [32m[1mLinking CXX shared library libdlrobot_robot_msg__rosidl_typesupport_fastrtps_c.so[0m
[7.865s] [ 67%] [32m[1mLinking CXX shared library libdlrobot_robot_msg__rosidl_typesupport_cpp.so[0m
[7.984s] [ 67%] Built target dlrobot_robot_msg__rosidl_typesupport_fastrtps_cpp
[8.113s] [ 67%] Built target dlrobot_robot_msg__rosidl_typesupport_fastrtps_c
[8.176s] [ 67%] Built target dlrobot_robot_msg__rosidl_typesupport_cpp
[8.281s] [ 70%] [32m[1mLinking CXX shared library libdlrobot_robot_msg__rosidl_typesupport_introspection_cpp.so[0m
[8.432s] [ 70%] Built target dlrobot_robot_msg__rosidl_typesupport_introspection_cpp
[8.466s] [ 70%] Built target dlrobot_robot_msg
[8.495s] [ 74%] [34m[1mGenerating Python code for ROS interfaces[0m
[9.062s] [ 74%] Built target dlrobot_robot_msg__py
[9.107s] [ 77%] [32mBuilding C object CMakeFiles/dlrobot_robot_msg__rosidl_generator_py.dir/rosidl_generator_py/dlrobot_robot_msg/msg/_data_s.c.o[0m
[9.314s] [ 80%] [32m[1mLinking C shared library rosidl_generator_py/dlrobot_robot_msg/libdlrobot_robot_msg__rosidl_generator_py.so[0m
[9.443s] [ 80%] Built target dlrobot_robot_msg__rosidl_generator_py
[9.491s] [ 83%] [32mBuilding C object CMakeFiles/dlrobot_robot_msg__rosidl_typesupport_fastrtps_c__pyext.dir/rosidl_generator_py/dlrobot_robot_msg/_dlrobot_robot_msg_s.ep.rosidl_typesupport_fastrtps_c.c.o[0m
[9.510s] [ 87%] [32mBuilding C object CMakeFiles/dlrobot_robot_msg__rosidl_typesupport_c__pyext.dir/rosidl_generator_py/dlrobot_robot_msg/_dlrobot_robot_msg_s.ep.rosidl_typesupport_c.c.o[0m
[9.514s] [ 90%] [32mBuilding C object CMakeFiles/dlrobot_robot_msg__rosidl_typesupport_introspection_c__pyext.dir/rosidl_generator_py/dlrobot_robot_msg/_dlrobot_robot_msg_s.ep.rosidl_typesupport_introspection_c.c.o[0m
[9.678s] [ 93%] [32m[1mLinking C shared library rosidl_generator_py/dlrobot_robot_msg/dlrobot_robot_msg_s__rosidl_typesupport_fastrtps_c.cpython-310-aarch64-linux-gnu.so[0m
[9.683s] [ 96%] [32m[1mLinking C shared library rosidl_generator_py/dlrobot_robot_msg/dlrobot_robot_msg_s__rosidl_typesupport_introspection_c.cpython-310-aarch64-linux-gnu.so[0m
[9.709s] [100%] [32m[1mLinking C shared library rosidl_generator_py/dlrobot_robot_msg/dlrobot_robot_msg_s__rosidl_typesupport_c.cpython-310-aarch64-linux-gnu.so[0m
[9.771s] [100%] Built target dlrobot_robot_msg__rosidl_typesupport_fastrtps_c__pyext
[9.825s] [100%] Built target dlrobot_robot_msg__rosidl_typesupport_introspection_c__pyext
[9.842s] [100%] Built target dlrobot_robot_msg__rosidl_typesupport_c__pyext
[9.884s] Invoked command in '/userdata/SelfFollowingROS2/depend/build/dlrobot_robot_msg' returned '0': CMAKE_PREFIX_PATH=/opt/ros/humble /usr/bin/cmake --build /userdata/SelfFollowingROS2/depend/build/dlrobot_robot_msg -- -j8 -l8
[9.888s] Invoking command in '/userdata/SelfFollowingROS2/depend/build/dlrobot_robot_msg': CMAKE_PREFIX_PATH=/opt/ros/humble /usr/bin/cmake --install /userdata/SelfFollowingROS2/depend/build/dlrobot_robot_msg
[9.913s] -- Install configuration: ""
[9.913s] -- Installing: /userdata/SelfFollowingROS2/depend/install/dlrobot_robot_msg/share/ament_index/resource_index/rosidl_interfaces/dlrobot_robot_msg
[9.914s] -- Installing: /userdata/SelfFollowingROS2/depend/install/dlrobot_robot_msg/include/dlrobot_robot_msg/dlrobot_robot_msg
[9.915s] -- Installing: /userdata/SelfFollowingROS2/depend/install/dlrobot_robot_msg/include/dlrobot_robot_msg/dlrobot_robot_msg/msg
[9.915s] -- Installing: /userdata/SelfFollowingROS2/depend/install/dlrobot_robot_msg/include/dlrobot_robot_msg/dlrobot_robot_msg/msg/rosidl_generator_c__visibility_control.h
[9.916s] -- Installing: /userdata/SelfFollowingROS2/depend/install/dlrobot_robot_msg/include/dlrobot_robot_msg/dlrobot_robot_msg/msg/detail
[9.916s] -- Installing: /userdata/SelfFollowingROS2/depend/install/dlrobot_robot_msg/include/dlrobot_robot_msg/dlrobot_robot_msg/msg/detail/data__struct.h
[9.917s] -- Installing: /userdata/SelfFollowingROS2/depend/install/dlrobot_robot_msg/include/dlrobot_robot_msg/dlrobot_robot_msg/msg/detail/data__functions.h
[9.917s] -- Installing: /userdata/SelfFollowingROS2/depend/install/dlrobot_robot_msg/include/dlrobot_robot_msg/dlrobot_robot_msg/msg/detail/data__type_support.h
[9.918s] -- Installing: /userdata/SelfFollowingROS2/depend/install/dlrobot_robot_msg/include/dlrobot_robot_msg/dlrobot_robot_msg/msg/detail/data__functions.c
[9.919s] -- Installing: /userdata/SelfFollowingROS2/depend/install/dlrobot_robot_msg/include/dlrobot_robot_msg/dlrobot_robot_msg/msg/data.h
[9.920s] -- Installing: /userdata/SelfFollowingROS2/depend/install/dlrobot_robot_msg/share/dlrobot_robot_msg/environment/library_path.sh
[9.921s] -- Installing: /userdata/SelfFollowingROS2/depend/install/dlrobot_robot_msg/share/dlrobot_robot_msg/environment/library_path.dsv
[9.921s] -- Installing: /userdata/SelfFollowingROS2/depend/install/dlrobot_robot_msg/lib/libdlrobot_robot_msg__rosidl_generator_c.so
[9.922s] -- Set runtime path of "/userdata/SelfFollowingROS2/depend/install/dlrobot_robot_msg/lib/libdlrobot_robot_msg__rosidl_generator_c.so" to ""
[9.922s] -- Up-to-date: /userdata/SelfFollowingROS2/depend/install/dlrobot_robot_msg/include/dlrobot_robot_msg/dlrobot_robot_msg
[9.922s] -- Up-to-date: /userdata/SelfFollowingROS2/depend/install/dlrobot_robot_msg/include/dlrobot_robot_msg/dlrobot_robot_msg/msg
[9.923s] -- Installing: /userdata/SelfFollowingROS2/depend/install/dlrobot_robot_msg/include/dlrobot_robot_msg/dlrobot_robot_msg/msg/rosidl_typesupport_fastrtps_c__visibility_control.h
[9.923s] -- Up-to-date: /userdata/SelfFollowingROS2/depend/install/dlrobot_robot_msg/include/dlrobot_robot_msg/dlrobot_robot_msg/msg/detail
[9.923s] -- Installing: /userdata/SelfFollowingROS2/depend/install/dlrobot_robot_msg/include/dlrobot_robot_msg/dlrobot_robot_msg/msg/detail/data__rosidl_typesupport_fastrtps_c.h
[9.924s] -- Installing: /userdata/SelfFollowingROS2/depend/install/dlrobot_robot_msg/lib/libdlrobot_robot_msg__rosidl_typesupport_fastrtps_c.so
[9.924s] -- Set runtime path of "/userdata/SelfFollowingROS2/depend/install/dlrobot_robot_msg/lib/libdlrobot_robot_msg__rosidl_typesupport_fastrtps_c.so" to ""
[9.925s] -- Up-to-date: /userdata/SelfFollowingROS2/depend/install/dlrobot_robot_msg/include/dlrobot_robot_msg/dlrobot_robot_msg
[9.925s] -- Up-to-date: /userdata/SelfFollowingROS2/depend/install/dlrobot_robot_msg/include/dlrobot_robot_msg/dlrobot_robot_msg/msg
[9.925s] -- Installing: /userdata/SelfFollowingROS2/depend/install/dlrobot_robot_msg/include/dlrobot_robot_msg/dlrobot_robot_msg/msg/rosidl_typesupport_introspection_c__visibility_control.h
[9.925s] -- Up-to-date: /userdata/SelfFollowingROS2/depend/install/dlrobot_robot_msg/include/dlrobot_robot_msg/dlrobot_robot_msg/msg/detail
[9.926s] -- Installing: /userdata/SelfFollowingROS2/depend/install/dlrobot_robot_msg/include/dlrobot_robot_msg/dlrobot_robot_msg/msg/detail/data__type_support.c
[9.926s] -- Installing: /userdata/SelfFollowingROS2/depend/install/dlrobot_robot_msg/include/dlrobot_robot_msg/dlrobot_robot_msg/msg/detail/data__rosidl_typesupport_introspection_c.h
[9.926s] -- Installing: /userdata/SelfFollowingROS2/depend/install/dlrobot_robot_msg/lib/libdlrobot_robot_msg__rosidl_typesupport_introspection_c.so
[9.927s] -- Set runtime path of "/userdata/SelfFollowingROS2/depend/install/dlrobot_robot_msg/lib/libdlrobot_robot_msg__rosidl_typesupport_introspection_c.so" to ""
[9.927s] -- Installing: /userdata/SelfFollowingROS2/depend/install/dlrobot_robot_msg/lib/libdlrobot_robot_msg__rosidl_typesupport_c.so
[9.927s] -- Set runtime path of "/userdata/SelfFollowingROS2/depend/install/dlrobot_robot_msg/lib/libdlrobot_robot_msg__rosidl_typesupport_c.so" to ""
[9.928s] -- Up-to-date: /userdata/SelfFollowingROS2/depend/install/dlrobot_robot_msg/include/dlrobot_robot_msg/dlrobot_robot_msg
[9.928s] -- Up-to-date: /userdata/SelfFollowingROS2/depend/install/dlrobot_robot_msg/include/dlrobot_robot_msg/dlrobot_robot_msg/msg
[9.928s] -- Installing: /userdata/SelfFollowingROS2/depend/install/dlrobot_robot_msg/include/dlrobot_robot_msg/dlrobot_robot_msg/msg/rosidl_generator_cpp__visibility_control.hpp
[9.929s] -- Up-to-date: /userdata/SelfFollowingROS2/depend/install/dlrobot_robot_msg/include/dlrobot_robot_msg/dlrobot_robot_msg/msg/detail
[9.929s] -- Installing: /userdata/SelfFollowingROS2/depend/install/dlrobot_robot_msg/include/dlrobot_robot_msg/dlrobot_robot_msg/msg/detail/data__builder.hpp
[9.929s] -- Installing: /userdata/SelfFollowingROS2/depend/install/dlrobot_robot_msg/include/dlrobot_robot_msg/dlrobot_robot_msg/msg/detail/data__traits.hpp
[9.930s] -- Installing: /userdata/SelfFollowingROS2/depend/install/dlrobot_robot_msg/include/dlrobot_robot_msg/dlrobot_robot_msg/msg/detail/data__type_support.hpp
[9.930s] -- Installing: /userdata/SelfFollowingROS2/depend/install/dlrobot_robot_msg/include/dlrobot_robot_msg/dlrobot_robot_msg/msg/detail/data__struct.hpp
[9.930s] -- Installing: /userdata/SelfFollowingROS2/depend/install/dlrobot_robot_msg/include/dlrobot_robot_msg/dlrobot_robot_msg/msg/data.hpp
[9.931s] -- Up-to-date: /userdata/SelfFollowingROS2/depend/install/dlrobot_robot_msg/include/dlrobot_robot_msg/dlrobot_robot_msg
[9.931s] -- Up-to-date: /userdata/SelfFollowingROS2/depend/install/dlrobot_robot_msg/include/dlrobot_robot_msg/dlrobot_robot_msg/msg
[9.931s] -- Up-to-date: /userdata/SelfFollowingROS2/depend/install/dlrobot_robot_msg/include/dlrobot_robot_msg/dlrobot_robot_msg/msg/detail
[9.932s] -- Installing: /userdata/SelfFollowingROS2/depend/install/dlrobot_robot_msg/include/dlrobot_robot_msg/dlrobot_robot_msg/msg/detail/dds_fastrtps
[9.932s] -- Installing: /userdata/SelfFollowingROS2/depend/install/dlrobot_robot_msg/include/dlrobot_robot_msg/dlrobot_robot_msg/msg/detail/data__rosidl_typesupport_fastrtps_cpp.hpp
[9.932s] -- Installing: /userdata/SelfFollowingROS2/depend/install/dlrobot_robot_msg/include/dlrobot_robot_msg/dlrobot_robot_msg/msg/rosidl_typesupport_fastrtps_cpp__visibility_control.h
[9.933s] -- Installing: /userdata/SelfFollowingROS2/depend/install/dlrobot_robot_msg/lib/libdlrobot_robot_msg__rosidl_typesupport_fastrtps_cpp.so
[9.933s] -- Set runtime path of "/userdata/SelfFollowingROS2/depend/install/dlrobot_robot_msg/lib/libdlrobot_robot_msg__rosidl_typesupport_fastrtps_cpp.so" to ""
[9.933s] -- Up-to-date: /userdata/SelfFollowingROS2/depend/install/dlrobot_robot_msg/include/dlrobot_robot_msg/dlrobot_robot_msg
[9.934s] -- Up-to-date: /userdata/SelfFollowingROS2/depend/install/dlrobot_robot_msg/include/dlrobot_robot_msg/dlrobot_robot_msg/msg
[9.934s] -- Up-to-date: /userdata/SelfFollowingROS2/depend/install/dlrobot_robot_msg/include/dlrobot_robot_msg/dlrobot_robot_msg/msg/detail
[9.934s] -- Installing: /userdata/SelfFollowingROS2/depend/install/dlrobot_robot_msg/include/dlrobot_robot_msg/dlrobot_robot_msg/msg/detail/data__rosidl_typesupport_introspection_cpp.hpp
[9.935s] -- Installing: /userdata/SelfFollowingROS2/depend/install/dlrobot_robot_msg/include/dlrobot_robot_msg/dlrobot_robot_msg/msg/detail/data__type_support.cpp
[9.935s] -- Installing: /userdata/SelfFollowingROS2/depend/install/dlrobot_robot_msg/lib/libdlrobot_robot_msg__rosidl_typesupport_introspection_cpp.so
[9.936s] -- Set runtime path of "/userdata/SelfFollowingROS2/depend/install/dlrobot_robot_msg/lib/libdlrobot_robot_msg__rosidl_typesupport_introspection_cpp.so" to ""
[9.936s] -- Installing: /userdata/SelfFollowingROS2/depend/install/dlrobot_robot_msg/lib/libdlrobot_robot_msg__rosidl_typesupport_cpp.so
[9.936s] -- Set runtime path of "/userdata/SelfFollowingROS2/depend/install/dlrobot_robot_msg/lib/libdlrobot_robot_msg__rosidl_typesupport_cpp.so" to ""
[9.937s] -- Installing: /userdata/SelfFollowingROS2/depend/install/dlrobot_robot_msg/share/dlrobot_robot_msg/environment/pythonpath.sh
[9.937s] -- Installing: /userdata/SelfFollowingROS2/depend/install/dlrobot_robot_msg/share/dlrobot_robot_msg/environment/pythonpath.dsv
[9.937s] -- Installing: /userdata/SelfFollowingROS2/depend/install/dlrobot_robot_msg/local/lib/python3.10/dist-packages/dlrobot_robot_msg-0.0.0-py3.10.egg-info
[9.938s] -- Installing: /userdata/SelfFollowingROS2/depend/install/dlrobot_robot_msg/local/lib/python3.10/dist-packages/dlrobot_robot_msg-0.0.0-py3.10.egg-info/PKG-INFO
[9.938s] -- Installing: /userdata/SelfFollowingROS2/depend/install/dlrobot_robot_msg/local/lib/python3.10/dist-packages/dlrobot_robot_msg-0.0.0-py3.10.egg-info/SOURCES.txt
[9.938s] -- Installing: /userdata/SelfFollowingROS2/depend/install/dlrobot_robot_msg/local/lib/python3.10/dist-packages/dlrobot_robot_msg-0.0.0-py3.10.egg-info/dependency_links.txt
[9.939s] -- Installing: /userdata/SelfFollowingROS2/depend/install/dlrobot_robot_msg/local/lib/python3.10/dist-packages/dlrobot_robot_msg-0.0.0-py3.10.egg-info/top_level.txt
[9.939s] -- Installing: /userdata/SelfFollowingROS2/depend/install/dlrobot_robot_msg/local/lib/python3.10/dist-packages/dlrobot_robot_msg
[9.939s] -- Installing: /userdata/SelfFollowingROS2/depend/install/dlrobot_robot_msg/local/lib/python3.10/dist-packages/dlrobot_robot_msg/__init__.py
[9.940s] -- Installing: /userdata/SelfFollowingROS2/depend/install/dlrobot_robot_msg/local/lib/python3.10/dist-packages/dlrobot_robot_msg/msg
[9.940s] -- Installing: /userdata/SelfFollowingROS2/depend/install/dlrobot_robot_msg/local/lib/python3.10/dist-packages/dlrobot_robot_msg/msg/__init__.py
[9.940s] -- Installing: /userdata/SelfFollowingROS2/depend/install/dlrobot_robot_msg/local/lib/python3.10/dist-packages/dlrobot_robot_msg/msg/_data_s.c
[9.941s] -- Installing: /userdata/SelfFollowingROS2/depend/install/dlrobot_robot_msg/local/lib/python3.10/dist-packages/dlrobot_robot_msg/msg/_data.py
[9.941s] -- Installing: /userdata/SelfFollowingROS2/depend/install/dlrobot_robot_msg/local/lib/python3.10/dist-packages/dlrobot_robot_msg/dlrobot_robot_msg_s__rosidl_typesupport_fastrtps_c.cpython-310-aarch64-linux-gnu.so
[9.941s] -- Installing: /userdata/SelfFollowingROS2/depend/install/dlrobot_robot_msg/local/lib/python3.10/dist-packages/dlrobot_robot_msg/libdlrobot_robot_msg__rosidl_generator_py.so
[9.942s] -- Installing: /userdata/SelfFollowingROS2/depend/install/dlrobot_robot_msg/local/lib/python3.10/dist-packages/dlrobot_robot_msg/_dlrobot_robot_msg_s.ep.rosidl_typesupport_introspection_c.c
[9.942s] -- Installing: /userdata/SelfFollowingROS2/depend/install/dlrobot_robot_msg/local/lib/python3.10/dist-packages/dlrobot_robot_msg/dlrobot_robot_msg_s__rosidl_typesupport_introspection_c.cpython-310-aarch64-linux-gnu.so
[9.942s] -- Installing: /userdata/SelfFollowingROS2/depend/install/dlrobot_robot_msg/local/lib/python3.10/dist-packages/dlrobot_robot_msg/_dlrobot_robot_msg_s.ep.rosidl_typesupport_fastrtps_c.c
[9.943s] -- Installing: /userdata/SelfFollowingROS2/depend/install/dlrobot_robot_msg/local/lib/python3.10/dist-packages/dlrobot_robot_msg/dlrobot_robot_msg_s__rosidl_typesupport_c.cpython-310-aarch64-linux-gnu.so
[9.943s] -- Installing: /userdata/SelfFollowingROS2/depend/install/dlrobot_robot_msg/local/lib/python3.10/dist-packages/dlrobot_robot_msg/_dlrobot_robot_msg_s.ep.rosidl_typesupport_c.c
[10.013s] Listing '/userdata/SelfFollowingROS2/depend/install/dlrobot_robot_msg/local/lib/python3.10/dist-packages/dlrobot_robot_msg'...
[10.014s] Compiling '/userdata/SelfFollowingROS2/depend/install/dlrobot_robot_msg/local/lib/python3.10/dist-packages/dlrobot_robot_msg/__init__.py'...
[10.014s] Listing '/userdata/SelfFollowingROS2/depend/install/dlrobot_robot_msg/local/lib/python3.10/dist-packages/dlrobot_robot_msg/msg'...
[10.015s] Compiling '/userdata/SelfFollowingROS2/depend/install/dlrobot_robot_msg/local/lib/python3.10/dist-packages/dlrobot_robot_msg/msg/__init__.py'...
[10.015s] Compiling '/userdata/SelfFollowingROS2/depend/install/dlrobot_robot_msg/local/lib/python3.10/dist-packages/dlrobot_robot_msg/msg/_data.py'...
[10.028s] -- Installing: /userdata/SelfFollowingROS2/depend/install/dlrobot_robot_msg/local/lib/python3.10/dist-packages/dlrobot_robot_msg/dlrobot_robot_msg_s__rosidl_typesupport_fastrtps_c.cpython-310-aarch64-linux-gnu.so
[10.029s] -- Set runtime path of "/userdata/SelfFollowingROS2/depend/install/dlrobot_robot_msg/local/lib/python3.10/dist-packages/dlrobot_robot_msg/dlrobot_robot_msg_s__rosidl_typesupport_fastrtps_c.cpython-310-aarch64-linux-gnu.so" to ""
[10.029s] -- Installing: /userdata/SelfFollowingROS2/depend/install/dlrobot_robot_msg/local/lib/python3.10/dist-packages/dlrobot_robot_msg/dlrobot_robot_msg_s__rosidl_typesupport_introspection_c.cpython-310-aarch64-linux-gnu.so
[10.030s] -- Set runtime path of "/userdata/SelfFollowingROS2/depend/install/dlrobot_robot_msg/local/lib/python3.10/dist-packages/dlrobot_robot_msg/dlrobot_robot_msg_s__rosidl_typesupport_introspection_c.cpython-310-aarch64-linux-gnu.so" to ""
[10.031s] -- Installing: /userdata/SelfFollowingROS2/depend/install/dlrobot_robot_msg/local/lib/python3.10/dist-packages/dlrobot_robot_msg/dlrobot_robot_msg_s__rosidl_typesupport_c.cpython-310-aarch64-linux-gnu.so
[10.031s] -- Set runtime path of "/userdata/SelfFollowingROS2/depend/install/dlrobot_robot_msg/local/lib/python3.10/dist-packages/dlrobot_robot_msg/dlrobot_robot_msg_s__rosidl_typesupport_c.cpython-310-aarch64-linux-gnu.so" to ""
[10.032s] -- Installing: /userdata/SelfFollowingROS2/depend/install/dlrobot_robot_msg/lib/libdlrobot_robot_msg__rosidl_generator_py.so
[10.032s] -- Set runtime path of "/userdata/SelfFollowingROS2/depend/install/dlrobot_robot_msg/lib/libdlrobot_robot_msg__rosidl_generator_py.so" to ""
[10.033s] -- Installing: /userdata/SelfFollowingROS2/depend/install/dlrobot_robot_msg/share/dlrobot_robot_msg/msg/Data.idl
[10.033s] -- Installing: /userdata/SelfFollowingROS2/depend/install/dlrobot_robot_msg/share/dlrobot_robot_msg/msg/Data.msg
[10.034s] -- Installing: /userdata/SelfFollowingROS2/depend/install/dlrobot_robot_msg/share/ament_index/resource_index/package_run_dependencies/dlrobot_robot_msg
[10.034s] -- Installing: /userdata/SelfFollowingROS2/depend/install/dlrobot_robot_msg/share/ament_index/resource_index/parent_prefix_path/dlrobot_robot_msg
[10.034s] -- Installing: /userdata/SelfFollowingROS2/depend/install/dlrobot_robot_msg/share/dlrobot_robot_msg/environment/ament_prefix_path.sh
[10.035s] -- Installing: /userdata/SelfFollowingROS2/depend/install/dlrobot_robot_msg/share/dlrobot_robot_msg/environment/ament_prefix_path.dsv
[10.036s] -- Installing: /userdata/SelfFollowingROS2/depend/install/dlrobot_robot_msg/share/dlrobot_robot_msg/environment/path.sh
[10.036s] -- Installing: /userdata/SelfFollowingROS2/depend/install/dlrobot_robot_msg/share/dlrobot_robot_msg/environment/path.dsv
[10.036s] -- Installing: /userdata/SelfFollowingROS2/depend/install/dlrobot_robot_msg/share/dlrobot_robot_msg/local_setup.bash
[10.037s] -- Installing: /userdata/SelfFollowingROS2/depend/install/dlrobot_robot_msg/share/dlrobot_robot_msg/local_setup.sh
[10.037s] -- Installing: /userdata/SelfFollowingROS2/depend/install/dlrobot_robot_msg/share/dlrobot_robot_msg/local_setup.zsh
[10.037s] -- Installing: /userdata/SelfFollowingROS2/depend/install/dlrobot_robot_msg/share/dlrobot_robot_msg/local_setup.dsv
[10.037s] -- Installing: /userdata/SelfFollowingROS2/depend/install/dlrobot_robot_msg/share/dlrobot_robot_msg/package.dsv
[10.037s] -- Installing: /userdata/SelfFollowingROS2/depend/install/dlrobot_robot_msg/share/ament_index/resource_index/packages/dlrobot_robot_msg
[10.037s] -- Installing: /userdata/SelfFollowingROS2/depend/install/dlrobot_robot_msg/share/dlrobot_robot_msg/cmake/export_dlrobot_robot_msg__rosidl_generator_cExport.cmake
[10.037s] -- Installing: /userdata/SelfFollowingROS2/depend/install/dlrobot_robot_msg/share/dlrobot_robot_msg/cmake/export_dlrobot_robot_msg__rosidl_generator_cExport-noconfig.cmake
[10.037s] -- Installing: /userdata/SelfFollowingROS2/depend/install/dlrobot_robot_msg/share/dlrobot_robot_msg/cmake/export_dlrobot_robot_msg__rosidl_typesupport_fastrtps_cExport.cmake
[10.037s] -- Installing: /userdata/SelfFollowingROS2/depend/install/dlrobot_robot_msg/share/dlrobot_robot_msg/cmake/export_dlrobot_robot_msg__rosidl_typesupport_fastrtps_cExport-noconfig.cmake
[10.037s] -- Installing: /userdata/SelfFollowingROS2/depend/install/dlrobot_robot_msg/share/dlrobot_robot_msg/cmake/dlrobot_robot_msg__rosidl_typesupport_introspection_cExport.cmake
[10.037s] -- Installing: /userdata/SelfFollowingROS2/depend/install/dlrobot_robot_msg/share/dlrobot_robot_msg/cmake/dlrobot_robot_msg__rosidl_typesupport_introspection_cExport-noconfig.cmake
[10.038s] -- Installing: /userdata/SelfFollowingROS2/depend/install/dlrobot_robot_msg/share/dlrobot_robot_msg/cmake/dlrobot_robot_msg__rosidl_typesupport_cExport.cmake
[10.038s] -- Installing: /userdata/SelfFollowingROS2/depend/install/dlrobot_robot_msg/share/dlrobot_robot_msg/cmake/dlrobot_robot_msg__rosidl_typesupport_cExport-noconfig.cmake
[10.039s] -- Installing: /userdata/SelfFollowingROS2/depend/install/dlrobot_robot_msg/share/dlrobot_robot_msg/cmake/export_dlrobot_robot_msg__rosidl_generator_cppExport.cmake
[10.040s] -- Installing: /userdata/SelfFollowingROS2/depend/install/dlrobot_robot_msg/share/dlrobot_robot_msg/cmake/export_dlrobot_robot_msg__rosidl_typesupport_fastrtps_cppExport.cmake
[10.040s] -- Installing: /userdata/SelfFollowingROS2/depend/install/dlrobot_robot_msg/share/dlrobot_robot_msg/cmake/export_dlrobot_robot_msg__rosidl_typesupport_fastrtps_cppExport-noconfig.cmake
[10.040s] -- Installing: /userdata/SelfFollowingROS2/depend/install/dlrobot_robot_msg/share/dlrobot_robot_msg/cmake/dlrobot_robot_msg__rosidl_typesupport_introspection_cppExport.cmake
[10.040s] -- Installing: /userdata/SelfFollowingROS2/depend/install/dlrobot_robot_msg/share/dlrobot_robot_msg/cmake/dlrobot_robot_msg__rosidl_typesupport_introspection_cppExport-noconfig.cmake
[10.040s] -- Installing: /userdata/SelfFollowingROS2/depend/install/dlrobot_robot_msg/share/dlrobot_robot_msg/cmake/dlrobot_robot_msg__rosidl_typesupport_cppExport.cmake
[10.040s] -- Installing: /userdata/SelfFollowingROS2/depend/install/dlrobot_robot_msg/share/dlrobot_robot_msg/cmake/dlrobot_robot_msg__rosidl_typesupport_cppExport-noconfig.cmake
[10.040s] -- Installing: /userdata/SelfFollowingROS2/depend/install/dlrobot_robot_msg/share/dlrobot_robot_msg/cmake/export_dlrobot_robot_msg__rosidl_generator_pyExport.cmake
[10.041s] -- Installing: /userdata/SelfFollowingROS2/depend/install/dlrobot_robot_msg/share/dlrobot_robot_msg/cmake/export_dlrobot_robot_msg__rosidl_generator_pyExport-noconfig.cmake
[10.041s] -- Installing: /userdata/SelfFollowingROS2/depend/install/dlrobot_robot_msg/share/dlrobot_robot_msg/cmake/rosidl_cmake-extras.cmake
[10.041s] -- Installing: /userdata/SelfFollowingROS2/depend/install/dlrobot_robot_msg/share/dlrobot_robot_msg/cmake/ament_cmake_export_dependencies-extras.cmake
[10.041s] -- Installing: /userdata/SelfFollowingROS2/depend/install/dlrobot_robot_msg/share/dlrobot_robot_msg/cmake/ament_cmake_export_include_directories-extras.cmake
[10.042s] -- Installing: /userdata/SelfFollowingROS2/depend/install/dlrobot_robot_msg/share/dlrobot_robot_msg/cmake/ament_cmake_export_libraries-extras.cmake
[10.042s] -- Installing: /userdata/SelfFollowingROS2/depend/install/dlrobot_robot_msg/share/dlrobot_robot_msg/cmake/ament_cmake_export_targets-extras.cmake
[10.043s] -- Installing: /userdata/SelfFollowingROS2/depend/install/dlrobot_robot_msg/share/dlrobot_robot_msg/cmake/rosidl_cmake_export_typesupport_targets-extras.cmake
[10.043s] -- Installing: /userdata/SelfFollowingROS2/depend/install/dlrobot_robot_msg/share/dlrobot_robot_msg/cmake/rosidl_cmake_export_typesupport_libraries-extras.cmake
[10.044s] -- Installing: /userdata/SelfFollowingROS2/depend/install/dlrobot_robot_msg/share/dlrobot_robot_msg/cmake/dlrobot_robot_msgConfig.cmake
[10.044s] -- Installing: /userdata/SelfFollowingROS2/depend/install/dlrobot_robot_msg/share/dlrobot_robot_msg/cmake/dlrobot_robot_msgConfig-version.cmake
[10.044s] -- Installing: /userdata/SelfFollowingROS2/depend/install/dlrobot_robot_msg/share/dlrobot_robot_msg/package.xml
[10.045s] Invoked command in '/userdata/SelfFollowingROS2/depend/build/dlrobot_robot_msg' returned '0': CMAKE_PREFIX_PATH=/opt/ros/humble /usr/bin/cmake --install /userdata/SelfFollowingROS2/depend/build/dlrobot_robot_msg
